Build started 2012-02-01 22:07:30.
     1>Project "c:\Users\Jeff\documents\visual studio 2010\Projects\Minecraft Helper\Minecraft Helper\Minecraft Helper.vcxproj" on node 2 (build target(s)).
     1>InitializeBuildStatus:
         Creating "Debug\Minecraft Helper.unsuccessfulbuild" because "AlwaysCreate" was specified.
       ClCompile:
         All outputs are up-to-date.
         C:\Program Files (x86)\Microsoft Visual Studio 10.0\VC\bin\CL.exe /c /ZI /nologo /W3 /WX- /Od /Oy- /D WIN32 /D _WINDOWS /D _DEBUG /D _UNICODE /D UNICODE /D _AFXDLL /Gm /EHsc /RTC1 /MDd /GS /fp:precise /Zc:wchar_t /Zc:forScope /Yu"StdAfx.h" /Fp"Debug\Minecraft Helper.pch" /Fo"Debug\\" /Fd"Debug\vc100.pdb" /Gd /TP /analyze- /errorReport:prompt "Minecraft HelperDlg.cpp"
         Minecraft HelperDlg.cpp
       ResourceCompile:
         All outputs are up-to-date.
       ManifestResourceCompile:
         All outputs are up-to-date.
       Link:
         C:\Program Files (x86)\Microsoft Visual Studio 10.0\VC\bin\link.exe /ERRORREPORT:PROMPT /OUT:"c:\users\jeff\documents\visual studio 2010\Projects\Minecraft Helper\Debug\Minecraft Helper.exe" /INCREMENTAL /NOLOGO /MANIFEST /ManifestFile:"Debug\Minecraft Helper.exe.intermediate.manifest" /MANIFESTUAC:"level='asInvoker' uiAccess='false'" /DEBUG /PDB:"c:\users\jeff\documents\visual studio 2010\Projects\Minecraft Helper\Debug\Minecraft Helper.pdb" /SUBSYSTEM:WINDOWS /TLBID:1 /ENTRY:"wWinMainCRTStartup" /DYNAMICBASE /NXCOMPAT /IMPLIB:"c:\users\jeff\documents\visual studio 2010\Projects\Minecraft Helper\Debug\Minecraft Helper.lib" /MACHINE:X86 "Debug\Minecraft Helper.res"
         "Debug\Minecraft Helper.exe.embed.manifest.res"
         "Debug\Minecraft Helper.obj"
         "Debug\Minecraft HelperDlg.obj"
         Debug\stdafx.obj
       Manifest:
         C:\Program Files (x86)\Microsoft SDKs\Windows\v7.0A\bin\mt.exe /nologo /verbose /out:"Debug\Minecraft Helper.exe.embed.manifest" /manifest "Debug\Minecraft Helper.exe.intermediate.manifest" "C:\Program Files (x86)\Microsoft Visual Studio 10.0\VC\Include\Manifest\dpiaware.manifest"
         All outputs are up-to-date.
       LinkEmbedManifest:
         All outputs are up-to-date.
         Minecraft Helper.vcxproj -> c:\users\jeff\documents\visual studio 2010\Projects\Minecraft Helper\Debug\Minecraft Helper.exe
       FinalizeBuildStatus:
         Deleting file "Debug\Minecraft Helper.unsuccessfulbuild".
         Touching "Debug\Minecraft Helper.lastbuildstate".
     1>Done Building Project "c:\Users\Jeff\documents\visual studio 2010\Projects\Minecraft Helper\Minecraft Helper\Minecraft Helper.vcxproj" (build target(s)).

Build succeeded.

Time Elapsed 00:00:00.38
