C:\USERS\JEFF\DOCUMENTS\VISUAL STUDIO 2010\PROJECTS\MINECRAFT HELPER\DEBUG\MINECRAFT HELPER.EXE
C:\USERS\JEFF\DOCUMENTS\VISUAL STUDIO 2010\PROJECTS\MINECRAFT HELPER\DEBUG\MINECRAFT HELPER.ILK
C:\USERS\JEFF\DOCUMENTS\VISUAL STUDIO 2010\PROJECTS\MINECRAFT HELPER\DEBUG\MINECRAFT HELPER.PDB
c:\Users\Jeff\documents\visual studio 2010\Projects\Minecraft Helper\Minecraft Helper\Debug\cl.command.1.tlog
c:\Users\Jeff\documents\visual studio 2010\Projects\Minecraft Helper\Minecraft Helper\Debug\CL.read.1.tlog
c:\Users\Jeff\documents\visual studio 2010\Projects\Minecraft Helper\Minecraft Helper\Debug\CL.write.1.tlog
c:\Users\Jeff\documents\visual studio 2010\Projects\Minecraft Helper\Minecraft Helper\Debug\link.command.1.tlog
c:\Users\Jeff\documents\visual studio 2010\Projects\Minecraft Helper\Minecraft Helper\Debug\link.read.1.tlog
c:\Users\Jeff\documents\visual studio 2010\Projects\Minecraft Helper\Minecraft Helper\Debug\link.write.1.tlog
c:\Users\Jeff\documents\visual studio 2010\Projects\Minecraft Helper\Minecraft Helper\Debug\link-cvtres.read.1.tlog
c:\Users\Jeff\documents\visual studio 2010\Projects\Minecraft Helper\Minecraft Helper\Debug\link-cvtres.write.1.tlog
C:\USERS\JEFF\DOCUMENTS\VISUAL STUDIO 2010\PROJECTS\MINECRAFT HELPER\MINECRAFT HELPER\DEBUG\MINECRAFT HELPER.EXE.EMBED.MANIFEST
C:\USERS\JEFF\DOCUMENTS\VISUAL STUDIO 2010\PROJECTS\MINECRAFT HELPER\MINECRAFT HELPER\DEBUG\MINECRAFT HELPER.EXE.EMBED.MANIFEST.RES
C:\USERS\JEFF\DOCUMENTS\VISUAL STUDIO 2010\PROJECTS\MINECRAFT HELPER\MINECRAFT HELPER\DEBUG\MINECRAFT HELPER.EXE.INTERMEDIATE.MANIFEST
C:\USERS\JEFF\DOCUMENTS\VISUAL STUDIO 2010\PROJECTS\MINECRAFT HELPER\MINECRAFT HELPER\DEBUG\MINECRAFT HELPER.OBJ
C:\USERS\JEFF\DOCUMENTS\VISUAL STUDIO 2010\PROJECTS\MINECRAFT HELPER\MINECRAFT HELPER\DEBUG\MINECRAFT HELPER.PCH
C:\USERS\JEFF\DOCUMENTS\VISUAL STUDIO 2010\PROJECTS\MINECRAFT HELPER\MINECRAFT HELPER\DEBUG\MINECRAFT HELPER.RES
c:\Users\Jeff\documents\visual studio 2010\Projects\Minecraft Helper\Minecraft Helper\Debug\Minecraft Helper_manifest.rc
C:\USERS\JEFF\DOCUMENTS\VISUAL STUDIO 2010\PROJECTS\MINECRAFT HELPER\MINECRAFT HELPER\DEBUG\MINECRAFT HELPERDLG.OBJ
c:\Users\Jeff\documents\visual studio 2010\Projects\Minecraft Helper\Minecraft Helper\Debug\mt.command.1.tlog
c:\Users\Jeff\documents\visual studio 2010\Projects\Minecraft Helper\Minecraft Helper\Debug\mt.read.1.tlog
c:\Users\Jeff\documents\visual studio 2010\Projects\Minecraft Helper\Minecraft Helper\Debug\mt.write.1.tlog
c:\Users\Jeff\documents\visual studio 2010\Projects\Minecraft Helper\Minecraft Helper\Debug\rc.command.1.tlog
c:\Users\Jeff\documents\visual studio 2010\Projects\Minecraft Helper\Minecraft Helper\Debug\rc.read.1.tlog
c:\Users\Jeff\documents\visual studio 2010\Projects\Minecraft Helper\Minecraft Helper\Debug\rc.write.1.tlog
C:\USERS\JEFF\DOCUMENTS\VISUAL STUDIO 2010\PROJECTS\MINECRAFT HELPER\MINECRAFT HELPER\DEBUG\STDAFX.OBJ
c:\Users\Jeff\documents\visual studio 2010\Projects\Minecraft Helper\Minecraft Helper\Debug\vc100.idb
C:\USERS\JEFF\DOCUMENTS\VISUAL STUDIO 2010\PROJECTS\MINECRAFT HELPER\MINECRAFT HELPER\DEBUG\VC100.PDB
